update-alternatives 2023-05-15 19:34:49: run with --quiet --install /usr/bin/awk awk /usr/bin/mawk 5 --slave /usr/share/man/man1/awk.1.gz awk.1.gz /usr/share/man/man1/mawk.1.gz --slave /usr/bin/nawk nawk /usr/bin/mawk --slave /usr/share/man/man1/nawk.1.gz nawk.1.gz /usr/share/man/man1/mawk.1.gz
update-alternatives 2023-05-15 19:34:49: link group awk updated to point to /usr/bin/mawk
update-alternatives 2023-05-15 19:35:23: run with --quiet --install /usr/bin/awk awk /usr/bin/mawk 5 --slave /usr/share/man/man1/awk.1.gz awk.1.gz /usr/share/man/man1/mawk.1.gz --slave /usr/bin/nawk nawk /usr/bin/mawk --slave /usr/share/man/man1/nawk.1.gz nawk.1.gz /usr/share/man/man1/mawk.1.gz
update-alternatives 2023-05-15 19:35:24: run with --install /usr/share/man/man7/builtins.7.gz builtins.7.gz /usr/share/man/man7/bash-builtins.7.gz 10
update-alternatives 2023-05-15 19:35:24: link group builtins.7.gz updated to point to /usr/share/man/man7/bash-builtins.7.gz
update-alternatives 2023-05-15 19:35:28: run with --install /usr/sbin/rmt rmt /usr/sbin/rmt-tar 50 --slave /usr/share/man/man8/rmt.8.gz rmt.8.gz /usr/share/man/man8/rmt-tar.8.gz
update-alternatives 2023-05-15 19:35:28: link group rmt updated to point to /usr/sbin/rmt-tar
update-alternatives 2023-05-15 19:35:37: run with --install /usr/bin/pager pager /bin/more 50 --slave /usr/share/man/man1/pager.1.gz pager.1.gz /usr/share/man/man1/more.1.gz
update-alternatives 2023-05-15 19:35:37: link group pager updated to point to /bin/more
update-alternatives 2023-05-15 19:35:37: run with --remove pager /usr/bin/pg
update-alternatives 2023-05-15 19:37:23: run with --install /bin/mt mt /bin/mt-gnu 10 --slave /usr/share/man/man1/mt.1.gz mt.1.gz /usr/share/man/man1/mt-gnu.1.gz
update-alternatives 2023-05-15 19:37:23: link group mt updated to point to /bin/mt-gnu
update-alternatives 2023-05-15 19:37:23: run with --quiet --install /usr/bin/pager pager /usr/bin/less 77 --slave /usr/share/man/man1/pager.1.gz pager.1.gz /usr/share/man/man1/less.1.gz
update-alternatives 2023-05-15 19:37:23: link group pager updated to point to /usr/bin/less
update-alternatives 2023-05-15 19:37:27: run with --install /usr/bin/editor editor /bin/nano 40 --slave /usr/share/man/man1/editor.1.gz editor.1.gz /usr/share/man/man1/nano.1.gz
update-alternatives 2023-05-15 19:37:27: link group editor updated to point to /bin/nano
update-alternatives 2023-05-15 19:37:27: run with --install /usr/bin/pico pico /bin/nano 10 --slave /usr/share/man/man1/pico.1.gz pico.1.gz /usr/share/man/man1/nano.1.gz
update-alternatives 2023-05-15 19:37:27: link group pico updated to point to /bin/nano
update-alternatives 2023-05-15 19:37:32: run with --install /usr/bin/rview rview /usr/bin/vim.tiny 15
update-alternatives 2023-05-15 19:37:32: link group rview updated to point to /usr/bin/vim.tiny
update-alternatives 2023-05-15 19:37:32: run with --install /usr/bin/vi vi /usr/bin/vim.tiny 15 --slave /usr/share/man/da/man1/vi.1.gz vi.da.1.gz /usr/share/man/da/man1/vim.1.gz --slave /usr/share/man/de/man1/vi.1.gz vi.de.1.gz /usr/share/man/de/man1/vim.1.gz --slave /usr/share/man/fr/man1/vi.1.gz vi.fr.1.gz /usr/share/man/fr/man1/vim.1.gz --slave /usr/share/man/it/man1/vi.1.gz vi.it.1.gz /usr/share/man/it/man1/vim.1.gz --slave /usr/share/man/ja/man1/vi.1.gz vi.ja.1.gz /usr/share/man/ja/man1/vim.1.gz --slave /usr/share/man/pl/man1/vi.1.gz vi.pl.1.gz /usr/share/man/pl/man1/vim.1.gz --slave /usr/share/man/ru/man1/vi.1.gz vi.ru.1.gz /usr/share/man/ru/man1/vim.1.gz --slave /usr/share/man/man1/vi.1.gz vi.1.gz /usr/share/man/man1/vim.1.gz
update-alternatives 2023-05-15 19:37:32: link group vi updated to point to /usr/bin/vim.tiny
update-alternatives 2023-05-15 19:37:32: run with --install /usr/bin/view view /usr/bin/vim.tiny 15 --slave /usr/share/man/da/man1/view.1.gz view.da.1.gz /usr/share/man/da/man1/vim.1.gz --slave /usr/share/man/de/man1/view.1.gz view.de.1.gz /usr/share/man/de/man1/vim.1.gz --slave /usr/share/man/fr/man1/view.1.gz view.fr.1.gz /usr/share/man/fr/man1/vim.1.gz --slave /usr/share/man/it/man1/view.1.gz view.it.1.gz /usr/share/man/it/man1/vim.1.gz --slave /usr/share/man/ja/man1/view.1.gz view.ja.1.gz /usr/share/man/ja/man1/vim.1.gz --slave /usr/share/man/pl/man1/view.1.gz view.pl.1.gz /usr/share/man/pl/man1/vim.1.gz --slave /usr/share/man/ru/man1/view.1.gz view.ru.1.gz /usr/share/man/ru/man1/vim.1.gz --slave /usr/share/man/man1/view.1.gz view.1.gz /usr/share/man/man1/vim.1.gz
update-alternatives 2023-05-15 19:37:32: link group view updated to point to /usr/bin/vim.tiny
update-alternatives 2023-05-15 19:37:32: run with --install /usr/bin/ex ex /usr/bin/vim.tiny 15 --slave /usr/share/man/da/man1/ex.1.gz ex.da.1.gz /usr/share/man/da/man1/vim.1.gz --slave /usr/share/man/de/man1/ex.1.gz ex.de.1.gz /usr/share/man/de/man1/vim.1.gz --slave /usr/share/man/fr/man1/ex.1.gz ex.fr.1.gz /usr/share/man/fr/man1/vim.1.gz --slave /usr/share/man/it/man1/ex.1.gz ex.it.1.gz /usr/share/man/it/man1/vim.1.gz --slave /usr/share/man/ja/man1/ex.1.gz ex.ja.1.gz /usr/share/man/ja/man1/vim.1.gz --slave /usr/share/man/pl/man1/ex.1.gz ex.pl.1.gz /usr/share/man/pl/man1/vim.1.gz --slave /usr/share/man/ru/man1/ex.1.gz ex.ru.1.gz /usr/share/man/ru/man1/vim.1.gz --slave /usr/share/man/man1/ex.1.gz ex.1.gz /usr/share/man/man1/vim.1.gz
update-alternatives 2023-05-15 19:37:32: link group ex updated to point to /usr/bin/vim.tiny
update-alternatives 2023-05-15 19:37:32: run with --install /usr/bin/editor editor /usr/bin/vim.tiny 15 --slave /usr/share/man/da/man1/editor.1.gz editor.da.1.gz /usr/share/man/da/man1/vim.1.gz --slave /usr/share/man/de/man1/editor.1.gz editor.de.1.gz /usr/share/man/de/man1/vim.1.gz --slave /usr/share/man/fr/man1/editor.1.gz editor.fr.1.gz /usr/share/man/fr/man1/vim.1.gz --slave /usr/share/man/it/man1/editor.1.gz editor.it.1.gz /usr/share/man/it/man1/vim.1.gz --slave /usr/share/man/ja/man1/editor.1.gz editor.ja.1.gz /usr/share/man/ja/man1/vim.1.gz --slave /usr/share/man/pl/man1/editor.1.gz editor.pl.1.gz /usr/share/man/pl/man1/vim.1.gz --slave /usr/share/man/ru/man1/editor.1.gz editor.ru.1.gz /usr/share/man/ru/man1/vim.1.gz --slave /usr/share/man/man1/editor.1.gz editor.1.gz /usr/share/man/man1/vim.1.gz
update-alternatives 2023-05-15 19:48:49: run with --quiet --install /usr/bin/rsh rsh /usr/bin/ssh 20 --slave /usr/share/man/man1/rsh.1.gz rsh.1.gz /usr/share/man/man1/ssh.1.gz
update-alternatives 2023-05-15 19:48:49: link group rsh updated to point to /usr/bin/ssh
update-alternatives 2023-05-15 19:48:49: run with --quiet --install /usr/bin/rlogin rlogin /usr/bin/slogin 20 --slave /usr/share/man/man1/rlogin.1.gz rlogin.1.gz /usr/share/man/man1/slogin.1.gz
update-alternatives 2023-05-15 19:48:49: link group rlogin updated to point to /usr/bin/slogin
update-alternatives 2023-05-15 19:48:49: run with --quiet --install /usr/bin/rcp rcp /usr/bin/scp 20 --slave /usr/share/man/man1/rcp.1.gz rcp.1.gz /usr/share/man/man1/scp.1.gz
update-alternatives 2023-05-15 19:48:49: link group rcp updated to point to /usr/bin/scp
update-alternatives 2023-05-15 19:52:22: run with --install /lib/firmware/regulatory.db regulatory.db /lib/firmware/regulatory.db-debian 100 --slave /lib/firmware/regulatory.db.p7s regulatory.db.p7s /lib/firmware/regulatory.db.p7s-debian
update-alternatives 2023-05-15 19:52:22: link group regulatory.db updated to point to /lib/firmware/regulatory.db-debian
update-alternatives 2023-05-15 19:52:22: run with --install /lib/firmware/regulatory.db regulatory.db /lib/firmware/regulatory.db-upstream 50 --slave /lib/firmware/regulatory.db.p7s regulatory.db.p7s /lib/firmware/regulatory.db.p7s-upstream
update-alternatives 2023-05-15 19:52:27: run with --install /usr/sbin/iptables iptables /usr/sbin/iptables-legacy 10 --slave /usr/sbin/iptables-restore iptables-restore /usr/sbin/iptables-legacy-restore --slave /usr/sbin/iptables-save iptables-save /usr/sbin/iptables-legacy-save
update-alternatives 2023-05-15 19:52:27: link group iptables updated to point to /usr/sbin/iptables-legacy
update-alternatives 2023-05-15 19:52:27: run with --install /usr/sbin/ip6tables ip6tables /usr/sbin/ip6tables-legacy 10 --slave /usr/sbin/ip6tables-restore ip6tables-restore /usr/sbin/ip6tables-legacy-restore --slave /usr/sbin/ip6tables-save ip6tables-save /usr/sbin/ip6tables-legacy-save
update-alternatives 2023-05-15 19:52:27: link group ip6tables updated to point to /usr/sbin/ip6tables-legacy
update-alternatives 2023-05-15 19:52:27: run with --install /usr/sbin/iptables iptables /usr/sbin/iptables-nft 20 --slave /usr/sbin/iptables-restore iptables-restore /usr/sbin/iptables-nft-restore --slave /usr/sbin/iptables-save iptables-save /usr/sbin/iptables-nft-save
update-alternatives 2023-05-15 19:52:27: link group iptables updated to point to /usr/sbin/iptables-nft
update-alternatives 2023-05-15 19:52:27: run with --install /usr/sbin/ip6tables ip6tables /usr/sbin/ip6tables-nft 20 --slave /usr/sbin/ip6tables-restore ip6tables-restore /usr/sbin/ip6tables-nft-restore --slave /usr/sbin/ip6tables-save ip6tables-save /usr/sbin/ip6tables-nft-save
update-alternatives 2023-05-15 19:52:27: link group ip6tables updated to point to /usr/sbin/ip6tables-nft
update-alternatives 2023-05-15 19:52:27: run with --install /usr/sbin/arptables arptables /usr/sbin/arptables-nft 20 --slave /usr/sbin/arptables-restore arptables-restore /usr/sbin/arptables-nft-restore --slave /usr/sbin/arptables-save arptables-save /usr/sbin/arptables-nft-save
update-alternatives 2023-05-15 19:52:27: link group arptables updated to point to /usr/sbin/arptables-nft
update-alternatives 2023-05-15 19:52:27: run with --install /usr/sbin/ebtables ebtables /usr/sbin/ebtables-nft 20 --slave /usr/sbin/ebtables-restore ebtables-restore /usr/sbin/ebtables-nft-restore --slave /usr/sbin/ebtables-save ebtables-save /usr/sbin/ebtables-nft-save
update-alternatives 2023-05-15 19:52:27: link group ebtables updated to point to /usr/sbin/ebtables-nft
update-alternatives 2023-05-15 19:57:00: run with --install /bin/ksh ksh /bin/mksh 12 --slave /usr/share/man/man1/ksh.1.gz ksh.1.gz /usr/share/man/man1/mksh.1.gz --slave /bin/rksh rksh /bin/mksh --slave /usr/share/man/man1/rksh.1.gz rksh.1.gz /usr/share/man/man1/mksh.1.gz
update-alternatives 2023-05-15 19:57:00: link group ksh updated to point to /bin/mksh
update-alternatives 2023-05-15 19:57:00: run with --install /bin/ksh ksh /bin/mksh-static 11 --slave /usr/share/man/man1/ksh.1.gz ksh.1.gz /usr/share/man/man1/mksh-static.1.gz --slave /bin/rksh rksh /bin/mksh-static --slave /usr/share/man/man1/rksh.1.gz rksh.1.gz /usr/share/man/man1/mksh-static.1.gz
update-alternatives 2023-05-15 19:57:01: run with --quiet --install /usr/bin/editor editor /bin/ed -100 --slave /usr/share/man/man1/editor.1.gz editor.1.gz /usr/share/man/man1/ed.1.gz
update-alternatives 2023-05-15 20:28:52: run with --quiet --install /usr/bin/awk awk /usr/bin/gawk 10 --slave /usr/share/man/man1/awk.1.gz awk.1.gz /usr/share/man/man1/gawk.1.gz --slave /usr/bin/nawk nawk /usr/bin/gawk --slave /usr/share/man/man1/nawk.1.gz nawk.1.gz /usr/share/man/man1/gawk.1.gz
update-alternatives 2023-05-15 20:28:52: link group awk updated to point to /usr/bin/gawk
update-alternatives 2023-05-15 20:33:12: run with --install /usr/bin/write write /usr/bin/write.ul 100 --slave /usr/share/man/man1/write.1.gz write.1.gz /usr/share/man/man1/write.ul.1.gz
update-alternatives 2023-05-15 20:33:12: link group write updated to point to /usr/bin/write.ul
update-alternatives 2023-05-15 20:33:13: run with --install /usr/bin/fakeroot fakeroot /usr/bin/fakeroot-sysv 50 --slave /usr/share/man/man1/fakeroot.1.gz fakeroot.1.gz /usr/share/man/man1/fakeroot-sysv.1.gz --slave /usr/share/man/man1/faked.1.gz faked.1.gz /usr/share/man/man1/faked-sysv.1.gz --slave /usr/share/man/es/man1/fakeroot.1.gz fakeroot.es.1.gz /usr/share/man/es/man1/fakeroot-sysv.1.gz --slave /usr/share/man/es/man1/faked.1.gz faked.es.1.gz /usr/share/man/es/man1/faked-sysv.1.gz --slave /usr/share/man/fr/man1/fakeroot.1.gz fakeroot.fr.1.gz /usr/share/man/fr/man1/fakeroot-sysv.1.gz --slave /usr/share/man/fr/man1/faked.1.gz faked.fr.1.gz /usr/share/man/fr/man1/faked-sysv.1.gz --slave /usr/share/man/sv/man1/fakeroot.1.gz fakeroot.sv.1.gz /usr/share/man/sv/man1/fakeroot-sysv.1.gz --slave /usr/share/man/sv/man1/faked.1.gz faked.sv.1.gz /usr/share/man/sv/man1/faked-sysv.1.gz
update-alternatives 2023-05-15 20:33:13: link group fakeroot updated to point to /usr/bin/fakeroot-sysv
update-alternatives 2023-05-15 20:33:13: run with --install /usr/bin/fakeroot fakeroot /usr/bin/fakeroot-tcp 30 --slave /usr/share/man/man1/fakeroot.1.gz fakeroot.1.gz /usr/share/man/man1/fakeroot-tcp.1.gz --slave /usr/share/man/man1/faked.1.gz faked.1.gz /usr/share/man/man1/faked-tcp.1.gz --slave /usr/share/man/es/man1/fakeroot.1.gz fakeroot.es.1.gz /usr/share/man/es/man1/fakeroot-tcp.1.gz --slave /usr/share/man/es/man1/faked.1.gz faked.es.1.gz /usr/share/man/es/man1/faked-tcp.1.gz --slave /usr/share/man/fr/man1/fakeroot.1.gz fakeroot.fr.1.gz /usr/share/man/fr/man1/fakeroot-tcp.1.gz --slave /usr/share/man/fr/man1/faked.1.gz faked.fr.1.gz /usr/share/man/fr/man1/faked-tcp.1.gz --slave /usr/share/man/sv/man1/fakeroot.1.gz fakeroot.sv.1.gz /usr/share/man/sv/man1/fakeroot-tcp.1.gz --slave /usr/share/man/sv/man1/faked.1.gz faked.sv.1.gz /usr/share/man/sv/man1/faked-tcp.1.gz
update-alternatives 2023-05-15 20:33:13: run with --install /usr/bin/lzma lzma /usr/bin/xz 20 --slave /usr/share/man/man1/lzma.1.gz lzma.1.gz /usr/share/man/man1/xz.1.gz --slave /usr/bin/unlzma unlzma /usr/bin/unxz --slave /usr/share/man/man1/unlzma.1.gz unlzma.1.gz /usr/share/man/man1/unxz.1.gz --slave /usr/bin/lzcat lzcat /usr/bin/xzcat --slave /usr/share/man/man1/lzcat.1.gz lzcat.1.gz /usr/share/man/man1/xzcat.1.gz --slave /usr/bin/lzmore lzmore /usr/bin/xzmore --slave /usr/share/man/man1/lzmore.1.gz lzmore.1.gz /usr/share/man/man1/xzmore.1.gz --slave /usr/bin/lzless lzless /usr/bin/xzless --slave /usr/share/man/man1/lzless.1.gz lzless.1.gz /usr/share/man/man1/xzless.1.gz --slave /usr/bin/lzdiff lzdiff /usr/bin/xzdiff --slave /usr/share/man/man1/lzdiff.1.gz lzdiff.1.gz /usr/share/man/man1/xzdiff.1.gz --slave /usr/bin/lzcmp lzcmp /usr/bin/xzcmp --slave /usr/share/man/man1/lzcmp.1.gz lzcmp.1.gz /usr/share/man/man1/xzcmp.1.gz --slave /usr/bin/lzgrep lzgrep /usr/bin/xzgrep --slave /usr/share/man/man1/lzgrep.1.gz lzgrep.1.gz /usr/share/man/man1/xzgrep.1.gz --slave /usr/bin/lzegrep lzegrep /usr/bin/xzegrep --slave /usr/share/man/man1/lzegrep.1.gz lzegrep.1.gz /usr/share/man/man1/xzegrep.1.gz --slave /usr/bin/lzfgrep lzfgrep /usr/bin/xzfgrep --slave /usr/share/man/man1/lzfgrep.1.gz lzfgrep.1.gz /usr/share/man/man1/xzfgrep.1.gz
update-alternatives 2023-05-15 20:33:13: link group lzma updated to point to /usr/bin/xz
update-alternatives 2023-05-15 20:33:13: run with --install /usr/bin/automake automake /usr/bin/automake-1.16 34 --slave /usr/bin/aclocal aclocal /usr/bin/aclocal-1.16 --slave /usr/share/man/man1/automake.1.gz automake.1.gz /usr/share/man/man1/automake-1.16.1.gz --slave /usr/share/man/man1/aclocal.1.gz aclocal.1.gz /usr/share/man/man1/aclocal-1.16.1.gz
update-alternatives 2023-05-15 20:33:13: link group automake updated to point to /usr/bin/automake-1.16
update-alternatives 2023-05-15 20:33:13: run with --quiet --install /usr/bin/pinentry pinentry /usr/bin/pinentry-curses 50 --slave /usr/share/man/man1/pinentry.1.gz pinentry.1.gz /usr/share/man/man1/pinentry-curses.1.gz
update-alternatives 2023-05-15 20:33:13: link group pinentry updated to point to /usr/bin/pinentry-curses
update-alternatives 2023-05-15 20:33:19: run with --quiet --install /lib/cpp cpp /usr/bin/cpp 10
update-alternatives 2023-05-15 20:33:19: link group cpp updated to point to /usr/bin/cpp
update-alternatives 2023-05-15 20:34:48: run with --quiet --install /usr/bin/cc cc /usr/bin/gcc 20
update-alternatives 2023-05-15 20:34:48: link group cc updated to point to /usr/bin/gcc
update-alternatives 2023-05-15 20:34:48: run with --quiet --install /usr/bin/c89 c89 /usr/bin/c89-gcc 20 --slave /usr/share/man/man1/c89.1.gz c89.1.gz /usr/share/man/man1/c89-gcc.1.gz
update-alternatives 2023-05-15 20:34:48: link group c89 updated to point to /usr/bin/c89-gcc
update-alternatives 2023-05-15 20:34:48: run with --quiet --install /usr/bin/c99 c99 /usr/bin/c99-gcc 20 --slave /usr/share/man/man1/c99.1.gz c99.1.gz /usr/share/man/man1/c99-gcc.1.gz
update-alternatives 2023-05-15 20:34:48: link group c99 updated to point to /usr/bin/c99-gcc
update-alternatives 2023-05-15 20:34:49: run with --install /usr/bin/c++ c++ /usr/bin/g++ 20
update-alternatives 2023-05-15 20:34:49: link group c++ updated to point to /usr/bin/g++
update-alternatives 2023-05-15 20:36:08: run with --set iptables /usr/sbin/iptables-legacy
update-alternatives 2023-05-15 20:36:08: status of link group /usr/sbin/iptables set to manual
update-alternatives 2023-05-15 20:36:08: link group iptables updated to point to /usr/sbin/iptables-legacy
update-alternatives 2023-05-15 20:36:08: run with --set ip6tables /usr/sbin/ip6tables-legacy
update-alternatives 2023-05-15 20:36:08: status of link group /usr/sbin/ip6tables set to manual
update-alternatives 2023-05-15 20:36:08: link group ip6tables updated to point to /usr/sbin/ip6tables-legacy
update-alternatives 2023-05-15 20:50:01: run with --force --install /usr/share/sounds/sf2/default-GM.sf2 default-GM.sf2 /usr/share/sounds/sf2/TimGM6mb.sf2 20
update-alternatives 2023-05-15 20:50:01: link group default-GM.sf2 updated to point to /usr/share/sounds/sf2/TimGM6mb.sf2
update-alternatives 2023-05-15 20:50:01: run with --force --install /usr/share/sounds/sf3/default-GM.sf3 default-GM.sf3 /usr/share/sounds/sf2/TimGM6mb.sf2 20
update-alternatives 2023-05-15 20:50:01: link group default-GM.sf3 updated to point to /usr/share/sounds/sf2/TimGM6mb.sf2
update-alternatives 2023-05-15 20:52:39: run with --install /usr/lib/aarch64-linux-gnu/libblas.so.3 libblas.so.3-aarch64-linux-gnu /usr/lib/aarch64-linux-gnu/blas/libblas.so.3 10
update-alternatives 2023-05-15 20:52:39: link group libblas.so.3-aarch64-linux-gnu updated to point to /usr/lib/aarch64-linux-gnu/blas/libblas.so.3
update-alternatives 2023-05-15 20:52:39: run with --install /usr/lib/aarch64-linux-gnu/liblapack.so.3 liblapack.so.3-aarch64-linux-gnu /usr/lib/aarch64-linux-gnu/lapack/liblapack.so.3 10
update-alternatives 2023-05-15 20:52:39: link group liblapack.so.3-aarch64-linux-gnu updated to point to /usr/lib/aarch64-linux-gnu/lapack/liblapack.so.3
